
BadRequestError: request aborted
    at IncomingMessage.onAborted (/home/nelamartino/reeas/node_modules/raw-body/index.js:231:10)
    at IncomingMessage.emit (events.js:197:13)
    at abortIncoming (_http_server.js:450:9)
    at socketOnClose (_http_server.js:443:3)
    at Socket.emit (events.js:202:15)
    at TCP._handle.close (net.js:611:12)
BadRequestError: request aborted
    at IncomingMessage.onAborted (/home/nelamartino/reeas/node_modules/raw-body/index.js:231:10)
    at IncomingMessage.emit (events.js:197:13)
    at abortIncoming (_http_server.js:450:9)
    at socketOnClose (_http_server.js:443:3)
    at Socket.emit (events.js:202:15)
    at TCP._handle.close (net.js:611:12)
/home/nelamartino/reeas/node_modules/mysql/lib/protocol/Parser.js:80
        throw err; // Rethrow non-MySQL errors
        ^

TypeError: Cannot read property 'sample' of undefined
    at Query.conn.query (/home/nelamartino/reeas/modules/updateEvent.js:43:34)
    at Query.<anonymous> (/home/nelamartino/reeas/node_modules/mysql/lib/Connection.js:502:10)
    at Query._callback (/home/nelamartino/reeas/node_modules/mysql/lib/Connection.js:468:16)
    at Query.Sequence.end (/home/nelamartino/reeas/node_modules/mysql/lib/protocol/sequences/Sequence.js:83:24)
    at Query._handleFinalResultPacket (/home/nelamartino/reeas/node_modules/mysql/lib/protocol/sequences/Query.js:139:8)
    at Query.EofPacket (/home/nelamartino/reeas/node_modules/mysql/lib/protocol/sequences/Query.js:123:8)
    at Protocol._parsePacket (/home/nelamartino/reeas/node_modules/mysql/lib/protocol/Protocol.js:278:23)
    at Parser.write (/home/nelamartino/reeas/node_modules/mysql/lib/protocol/Parser.js:76:12)
    at Protocol.write (/home/nelamartino/reeas/node_modules/mysql/lib/protocol/Protocol.js:38:16)
    at Socket.<anonymous> (/home/nelamartino/reeas/node_modules/mysql/lib/Connection.js:91:28)
