
Running every one minute
2019-04-15T06:14:43.384Z
[ RowDataPacket { datetime: 2019-04-13T13:44:48.000Z, station: 'BAT01' },
  RowDataPacket { datetime: 2019-04-12T17:49:17.000Z, station: 'DAV' },
  RowDataPacket { datetime: 2019-04-12T17:49:17.000Z, station: 'QIZ' },
  RowDataPacket { datetime: 2019-04-12T17:49:17.000Z, station: 'TATO' } ]
145795387
217526387
217526387
217526387
Running every one minute
2019-04-15T06:15:43.437Z
[ RowDataPacket { datetime: 2019-04-13T13:44:48.000Z, station: 'BAT01' },
  RowDataPacket { datetime: 2019-04-12T17:49:17.000Z, station: 'DAV' },
  RowDataPacket { datetime: 2019-04-12T17:49:17.000Z, station: 'QIZ' },
  RowDataPacket { datetime: 2019-04-12T17:49:17.000Z, station: 'TATO' } ]
145855441
217586441
217586441
217586441
Running every one minute
2019-04-15T06:16:43.490Z
[ RowDataPacket { datetime: 2019-04-13T13:44:48.000Z, station: 'BAT01' },
  RowDataPacket { datetime: 2019-04-12T17:49:17.000Z, station: 'DAV' },
  RowDataPacket { datetime: 2019-04-12T17:49:17.000Z, station: 'QIZ' },
  RowDataPacket { datetime: 2019-04-12T17:49:17.000Z, station: 'TATO' } ]
145915494
217646494
217646494
217646494
Running every one minute
2019-04-15T06:17:43.531Z
[ RowDataPacket { datetime: 2019-04-13T13:44:48.000Z, station: 'BAT01' },
  RowDataPacket { datetime: 2019-04-12T17:49:17.000Z, station: 'DAV' },
  RowDataPacket { datetime: 2019-04-12T17:49:17.000Z, station: 'QIZ' },
  RowDataPacket { datetime: 2019-04-12T17:49:17.000Z, station: 'TATO' } ]
145975535
217706535
217706535
217706535
Running every one minute
2019-04-15T06:18:43.548Z
[ RowDataPacket { datetime: 2019-04-13T13:44:48.000Z, station: 'BAT01' },
  RowDataPacket { datetime: 2019-04-12T17:49:17.000Z, station: 'DAV' },
  RowDataPacket { datetime: 2019-04-12T17:49:17.000Z, station: 'QIZ' },
  RowDataPacket { datetime: 2019-04-12T17:49:17.000Z, station: 'TATO' } ]
146035552
217766552
217766552
217766552
Running every one minute
2019-04-15T06:19:43.604Z
[ RowDataPacket { datetime: 2019-04-13T13:44:48.000Z, station: 'BAT01' },
  RowDataPacket { datetime: 2019-04-12T17:49:17.000Z, station: 'DAV' },
  RowDataPacket { datetime: 2019-04-12T17:49:17.000Z, station: 'QIZ' },
  RowDataPacket { datetime: 2019-04-12T17:49:17.000Z, station: 'TATO' } ]
146095608
217826608
217826608
217826608
Running every one minute
2019-04-15T06:20:43.647Z
[ RowDataPacket { datetime: 2019-04-13T13:44:48.000Z, station: 'BAT01' },
  RowDataPacket { datetime: 2019-04-12T17:49:17.000Z, station: 'DAV' },
  RowDataPacket { datetime: 2019-04-12T17:49:17.000Z, station: 'QIZ' },
  RowDataPacket { datetime: 2019-04-12T17:49:17.000Z, station: 'TATO' } ]
146155652
217886652
217886652
217886652
Running every one minute
2019-04-15T06:21:43.672Z
[ RowDataPacket { datetime: 2019-04-13T13:44:48.000Z, station: 'BAT01' },
  RowDataPacket { datetime: 2019-04-12T17:49:17.000Z, station: 'DAV' },
  RowDataPacket { datetime: 2019-04-12T17:49:17.000Z, station: 'QIZ' },
  RowDataPacket { datetime: 2019-04-12T17:49:17.000Z, station: 'TATO' } ]
146215675
217946675
217946675
217946675
[32m[nodemon] restarting due to changes...[39m
[32m[nodemon] starting `node /home/nelamartino/reeas/modules/checkStation.js`[39m
[32m[nodemon] restarting due to changes...[39m
[32m[nodemon] starting `node /home/nelamartino/reeas/modules/checkStation.js`[39m
Running every one minute
2019-04-15T06:23:11.609Z
[ RowDataPacket { datetime: 2019-04-13T13:44:48.000Z, station: 'BAT01' },
  RowDataPacket { datetime: 2019-04-12T17:49:17.000Z, station: 'DAV' },
  RowDataPacket { datetime: 2019-04-12T17:49:17.000Z, station: 'QIZ' },
  RowDataPacket { datetime: 2019-04-12T17:49:17.000Z, station: 'TATO' } ]
146303622
218034622
218034622
218034622
Running every one minute
2019-04-15T06:24:11.633Z
[ RowDataPacket { datetime: 2019-04-13T13:44:48.000Z, station: 'BAT01' },
  RowDataPacket { datetime: 2019-04-12T17:49:17.000Z, station: 'DAV' },
  RowDataPacket { datetime: 2019-04-12T17:49:17.000Z, station: 'QIZ' },
  RowDataPacket { datetime: 2019-04-12T17:49:17.000Z, station: 'TATO' } ]
146363638
218094638
218094638
218094638
Running every one minute
2019-04-15T06:25:11.688Z
[ RowDataPacket { datetime: 2019-04-13T13:44:48.000Z, station: 'BAT01' },
  RowDataPacket { datetime: 2019-04-12T17:49:17.000Z, station: 'DAV' },
  RowDataPacket { datetime: 2019-04-12T17:49:17.000Z, station: 'QIZ' },
  RowDataPacket { datetime: 2019-04-12T17:49:17.000Z, station: 'TATO' } ]
146423695
218154695
218154695
218154695
Running every one minute
2019-04-15T06:26:11.731Z
[ RowDataPacket { datetime: 2019-04-13T13:44:48.000Z, station: 'BAT01' },
  RowDataPacket { datetime: 2019-04-12T17:49:17.000Z, station: 'DAV' },
  RowDataPacket { datetime: 2019-04-12T17:49:17.000Z, station: 'QIZ' },
  RowDataPacket { datetime: 2019-04-12T17:49:17.000Z, station: 'TATO' } ]
146483735
218214735
218214735
218214735
Running every one minute
2019-04-15T06:27:11.773Z
[ RowDataPacket { datetime: 2019-04-13T13:44:48.000Z, station: 'BAT01' },
  RowDataPacket { datetime: 2019-04-12T17:49:17.000Z, station: 'DAV' },
  RowDataPacket { datetime: 2019-04-12T17:49:17.000Z, station: 'QIZ' },
  RowDataPacket { datetime: 2019-04-12T17:49:17.000Z, station: 'TATO' } ]
146543778
218274778
218274778
218274778
Running every one minute
2019-04-15T06:28:11.794Z
[ RowDataPacket { datetime: 2019-04-13T13:44:48.000Z, station: 'BAT01' },
  RowDataPacket { datetime: 2019-04-12T17:49:17.000Z, station: 'DAV' },
  RowDataPacket { datetime: 2019-04-12T17:49:17.000Z, station: 'QIZ' },
  RowDataPacket { datetime: 2019-04-12T17:49:17.000Z, station: 'TATO' } ]
146603798
218334798
218334798
218334798
Running every one minute
2019-04-15T06:29:11.851Z
[ RowDataPacket { datetime: 2019-04-13T13:44:48.000Z, station: 'BAT01' },
  RowDataPacket { datetime: 2019-04-12T17:49:17.000Z, station: 'DAV' },
  RowDataPacket { datetime: 2019-04-12T17:49:17.000Z, station: 'QIZ' },
  RowDataPacket { datetime: 2019-04-12T17:49:17.000Z, station: 'TATO' } ]
146663855
218394855
218394855
218394855
[32m[nodemon] restarting due to changes...[39m
[32m[nodemon] starting `node /home/nelamartino/reeas/modules/checkStation.js`[39m
Running every one minute
2019-04-15T06:30:56.783Z
[ RowDataPacket { datetime: 2019-04-13T13:44:48.000Z, station: 'BAT01' },
  RowDataPacket { datetime: 2019-04-12T17:49:17.000Z, station: 'DAV' },
  RowDataPacket { datetime: 2019-04-12T17:49:17.000Z, station: 'QIZ' },
  RowDataPacket { datetime: 2019-04-12T17:49:17.000Z, station: 'TATO' } ]
146768792
218499792
218499792
218499792
Running every one minute
[32m[nodemon] restarting due to changes...[39m
[32m[nodemon] starting `node /home/nelamartino/reeas/modules/checkStation.js`[39m
Running every one minute
Running every one minute
Running every one minute
Running every one minute
Running every one minute
Running every one minute
[32m[nodemon] restarting due to changes...[39m
[32m[nodemon] starting `node /home/nelamartino/reeas/modules/checkStation.js`[39m
Running every one minute
Running every one minute
Running every one minute
Running every one minute
Running every one minute
Running every one minute
Running every one minute
Running every one minute
Running every one minute
Running every one minute
Running every one minute
Running every one minute
Running every one minute
Running every one minute
Running every one minute
Running every one minute
[32m[nodemon] restarting due to changes...[39m
[32m[nodemon] starting `node /home/nelamartino/reeas/modules/checkStation.js`[39m
Running every one minute
Running every one minute
Running every one minute
Running every one minute
Running every one minute
Running every one minute
Running every one minute
Running every one minute
Running every one minute
Running every one minute
Running every one minute
Running every one minute
Running every one minute
Running every one minute
Running every one minute
Running every one minute
Running every one minute
Running every one minute
Running every one minute
Running every one minute
Running every one minute
Running every one minute
Running every one minute
Running every one minute
Running every one minute
Running every one minute
Running every one minute
Running every one minute
Running every one minute
Running every one minute
Running every one minute
Running every one minute
Running every one minute
Running every one minute
Running every one minute
Running every one minute
Running every one minute
Running every one minute
Running every one minute
Running every one minute
Running every one minute
Running every one minute
Running every one minute
Running every one minute
Running every one minute
Running every one minute
Running every one minute
Running every one minute
Running every one minute
Running every one minute
Running every one minute
Running every one minute
Running every one minute
Running every one minute
Running every one minute
Running every one minute
Running every one minute
Running every one minute
Running every one minute
Running every one minute
Running every one minute
Running every one minute
Running every one minute
Running every one minute
Running every one minute
Running every one minute
Running every one minute
Running every one minute
Running every one minute
Running every one minute
Running every one minute
Running every one minute
Running every one minute
Running every one minute
Running every one minute
Running every one minute
Running every one minute
Running every one minute
Running every one minute
Running every one minute
Running every one minute
Running every one minute
Running every one minute
Running every one minute
Running every one minute
Running every one minute
Running every one minute
Running every one minute
Running every one minute
Running every one minute
Running every one minute
Running every one minute
Running every one minute
Running every one minute
Running every one minute
Running every one minute
Running every one minute
Running every one minute
Running every one minute
Running every one minute
Running every one minute
Running every one minute
Running every one minute
Running every one minute
[31m[nodemon] app crashed - waiting for file changes before starting...[39m
[32m[nodemon] restarting due to changes...[39m
[32m[nodemon] starting `node /home/nelamartino/reeas/modules/checkStation.js`[39m
[32m[nodemon] restarting due to changes...[39m
[32m[nodemon] restarting due to changes...[39m
[32m[nodemon] starting `node /home/nelamartino/reeas/modules/checkStation.js`[39m
Running every one minute
Running every one minute
[32m[nodemon] restarting due to changes...[39m
[32m[nodemon] starting `node /home/nelamartino/reeas/modules/checkStation.js`[39m
[32m[nodemon] restarting due to changes...[39m
[32m[nodemon] starting `node /home/nelamartino/reeas/modules/checkStation.js`[39m
Running every one minute
Running every one minute
Running every one minute
[32m[nodemon] restarting due to changes...[39m
[32m[nodemon] starting `node /home/nelamartino/reeas/modules/checkStation.js`[39m
Running every one minute
[32m[nodemon] restarting due to changes...[39m
[32m[nodemon] starting `node /home/nelamartino/reeas/modules/checkStation.js`[39m
[32m[nodemon] restarting due to changes...[39m
[32m[nodemon] starting `node /home/nelamartino/reeas/modules/checkStation.js`[39m
Running every one minute
[32m[nodemon] restarting due to changes...[39m
[32m[nodemon] starting `node /home/nelamartino/reeas/modules/checkStation.js`[39m
[32m[nodemon] restarting due to changes...[39m
[32m[nodemon] starting `node /home/nelamartino/reeas/modules/checkStation.js`[39m
Running every one minute
[32m[nodemon] restarting due to changes...[39m
[32m[nodemon] starting `node /home/nelamartino/reeas/modules/checkStation.js`[39m
[32m[nodemon] restarting due to changes...[39m
[32m[nodemon] starting `node /home/nelamartino/reeas/modules/checkStation.js`[39m
[32m[nodemon] restarting due to changes...[39m
[32m[nodemon] starting `node /home/nelamartino/reeas/modules/checkStation.js`[39m
[32m[nodemon] restarting due to changes...[39m
[32m[nodemon] starting `node /home/nelamartino/reeas/modules/checkStation.js`[39m
[32m[nodemon] restarting due to changes...[39m
[32m[nodemon] starting `node /home/nelamartino/reeas/modules/checkStation.js`[39m
[32m[nodemon] restarting due to changes...[39m
[32m[nodemon] starting `node /home/nelamartino/reeas/modules/checkStation.js`[39m
[32m[nodemon] restarting due to changes...[39m
[32m[nodemon] starting `node /home/nelamartino/reeas/modules/checkStation.js`[39m
[32m[nodemon] restarting due to changes...[39m
[32m[nodemon] starting `node /home/nelamartino/reeas/modules/checkStation.js`[39m
Running every one minute
[32m[nodemon] restarting due to changes...[39m
[32m[nodemon] starting `node /home/nelamartino/reeas/modules/checkStation.js`[39m
[32m[nodemon] restarting due to changes...[39m
[32m[nodemon] starting `node /home/nelamartino/reeas/modules/checkStation.js`[39m
[32m[nodemon] restarting due to changes...[39m
[32m[nodemon] starting `node /home/nelamartino/reeas/modules/checkStation.js`[39m
[32m[nodemon] restarting due to changes...[39m
[32m[nodemon] starting `node /home/nelamartino/reeas/modules/checkStation.js`[39m
[32m[nodemon] restarting due to changes...[39m
[32m[nodemon] starting `node /home/nelamartino/reeas/modules/checkStation.js`[39m
[32m[nodemon] restarting due to changes...[39m
[32m[nodemon] starting `node /home/nelamartino/reeas/modules/checkStation.js`[39m
Running every one minute
[32m[nodemon] restarting due to changes...[39m
[32m[nodemon] starting `node /home/nelamartino/reeas/modules/checkStation.js`[39m
[32m[nodemon] restarting due to changes...[39m
[32m[nodemon] starting `node /home/nelamartino/reeas/modules/checkStation.js`[39m
[32m[nodemon] restarting due to changes...[39m
[32m[nodemon] starting `node /home/nelamartino/reeas/modules/checkStation.js`[39m
[32m[nodemon] restarting due to changes...[39m
[32m[nodemon] starting `node /home/nelamartino/reeas/modules/checkStation.js`[39m
Running every one minute
Running every one minute
[32m[nodemon] restarting due to changes...[39m
[32m[nodemon] starting `node /home/nelamartino/reeas/modules/checkStation.js`[39m
[32m[nodemon] restarting due to changes...[39m
[32m[nodemon] starting `node /home/nelamartino/reeas/modules/checkStation.js`[39m
Running every one minute
Running every one minute
[32m[nodemon] restarting due to changes...[39m
[32m[nodemon] starting `node /home/nelamartino/reeas/modules/checkStation.js`[39m
[32m[nodemon] restarting due to changes...[39m
[32m[nodemon] starting `node /home/nelamartino/reeas/modules/checkStation.js`[39m
[32m[nodemon] restarting due to changes...[39m
[32m[nodemon] starting `node /home/nelamartino/reeas/modules/checkStation.js`[39m
[32m[nodemon] restarting due to changes...[39m
[32m[nodemon] starting `node /home/nelamartino/reeas/modules/checkStation.js`[39m
[32m[nodemon] restarting due to changes...[39m
[32m[nodemon] starting `node /home/nelamartino/reeas/modules/checkStation.js`[39m
[32m[nodemon] restarting due to changes...[39m
[32m[nodemon] starting `node /home/nelamartino/reeas/modules/checkStation.js`[39m
Running every one minute
[32m[nodemon] restarting due to changes...[39m
[32m[nodemon] starting `node /home/nelamartino/reeas/modules/checkStation.js`[39m
[32m[nodemon] restarting due to changes...[39m
[32m[nodemon] starting `node /home/nelamartino/reeas/modules/checkStation.js`[39m
[32m[nodemon] restarting due to changes...[39m
[32m[nodemon] starting `node /home/nelamartino/reeas/modules/checkStation.js`[39m
[32m[nodemon] restarting due to changes...[39m
[32m[nodemon] starting `node /home/nelamartino/reeas/modules/checkStation.js`[39m
[32m[nodemon] restarting due to changes...[39m
[32m[nodemon] starting `node /home/nelamartino/reeas/modules/checkStation.js`[39m
[32m[nodemon] restarting due to changes...[39m
[32m[nodemon] starting `node /home/nelamartino/reeas/modules/checkStation.js`[39m
Running every one minute
Running every one minute
Running every one minute
[32m[nodemon] restarting due to changes...[39m
[32m[nodemon] starting `node /home/nelamartino/reeas/modules/checkStation.js`[39m
[32m[nodemon] restarting due to changes...[39m
[32m[nodemon] starting `node /home/nelamartino/reeas/modules/checkStation.js`[39m
[32m[nodemon] restarting due to changes...[39m
[32m[nodemon] starting `node /home/nelamartino/reeas/modules/checkStation.js`[39m
[32m[nodemon] restarting due to changes...[39m
[32m[nodemon] starting `node /home/nelamartino/reeas/modules/checkStation.js`[39m
Running every one minute
2019-04-15T13:56:38.322Z
[ RowDataPacket { datetime: 2019-04-15T13:55:42.000Z, station: 'TEST' } ]
56355
Running every one minute
[32m[nodemon] restarting due to changes...[39m
[32m[nodemon] starting `node /home/nelamartino/reeas/modules/checkStation.js`[39m
[32m[nodemon] restarting due to changes...[39m
[32m[nodemon] starting `node /home/nelamartino/reeas/modules/checkStation.js`[39m
Running every one minute
Running every one minute
2019-04-15T14:00:11.056Z
[ RowDataPacket { datetime: 2019-04-15T14:00:00.000Z, station: 'TEST' } ]
11068
Running every one minute
2019-04-15T14:01:11.098Z
[ RowDataPacket { datetime: 2019-04-15T14:00:00.000Z, station: 'TEST' } ]
71101
[32m[nodemon] restarting due to changes...[39m
[32m[nodemon] starting `node /home/nelamartino/reeas/modules/checkStation.js`[39m
[32m[nodemon] restarting due to changes...[39m
[32m[nodemon] starting `node /home/nelamartino/reeas/modules/checkStation.js`[39m
Running every one minute
2019-04-15T14:02:22.157Z
[ RowDataPacket { datetime: 2019-04-15T14:01:51.000Z, station: 'TEST' } ]
31355
Running every one minute
2019-04-15T14:03:22.169Z
[ RowDataPacket { datetime: 2019-04-15T14:02:50.000Z, station: 'TEST' } ]
32173
[32m[nodemon] restarting due to changes...[39m
[32m[nodemon] starting `node /home/nelamartino/reeas/modules/checkStation.js`[39m
[32m[nodemon] restarting due to changes...[39m
[32m[nodemon] starting `node /home/nelamartino/reeas/modules/checkStation.js`[39m
Running every one minute
2019-04-15T14:04:48.889Z
[ RowDataPacket { datetime: 2019-04-15T14:03:52.000Z, station: 'TEST' },
  RowDataPacket { datetime: 2019-04-15T14:04:00.000Z, station: 'TEST2' } ]
56898
48898
Running every one minute
2019-04-15T14:05:48.864Z
[ RowDataPacket { datetime: 2019-04-15T14:03:52.000Z, station: 'TEST' },
  RowDataPacket { datetime: 2019-04-15T14:04:00.000Z, station: 'TEST2' } ]
116868
108868
Running every one minute
2019-04-15T14:06:48.919Z
[ RowDataPacket { datetime: 2019-04-15T14:03:52.000Z, station: 'TEST' },
  RowDataPacket { datetime: 2019-04-15T14:04:00.000Z, station: 'TEST2' } ]
176923
168923
Running every one minute
2019-04-15T14:07:48.974Z
[ RowDataPacket { datetime: 2019-04-15T14:03:52.000Z, station: 'TEST' },
  RowDataPacket { datetime: 2019-04-15T14:04:00.000Z, station: 'TEST2' } ]
236977
228977
Running every one minute
2019-04-15T14:08:48.996Z
[ RowDataPacket { datetime: 2019-04-15T14:03:52.000Z, station: 'TEST' },
  RowDataPacket { datetime: 2019-04-15T14:04:00.000Z, station: 'TEST2' } ]
297000
289000
Running every one minute
2019-04-15T14:09:49.053Z
[ RowDataPacket { datetime: 2019-04-15T14:03:52.000Z, station: 'TEST' },
  RowDataPacket { datetime: 2019-04-15T14:04:00.000Z, station: 'TEST2' } ]
357057
349057
